<?xml version="1.0" encoding="UTF-8"?>
<testng-results ignored="0" total="2" passed="2" failed="0" skipped="0">
  <reporter-output>
  </reporter-output>
  <suite started-at="2021-07-30T16:56:36 IST" name="Default suite" finished-at="2021-07-30T16:56:36 IST" duration-ms="481">
    <groups>
    </groups>
    <test started-at="2021-07-30T16:56:36 IST" name="Default test" finished-at="2021-07-30T16:56:36 IST" duration-ms="481">
      <class name="BookStoreLogin">
        <test-method is-config="true" signature="initiateBrowser()[pri:0, instance:BookStoreLogin@1a4013]" started-at="2021-07-30T16:56:31 IST" name="initiateBrowser" finished-at="2021-07-30T16:56:36 IST" duration-ms="5358" status="PASS">
          <reporter-output>
          </reporter-output>
        </test-method> <!-- initiateBrowser -->
        <test-method signature="clickLoginButton()[pri:1, instance:BookStoreLogin@1a4013]" started-at="2021-07-30T16:56:36 IST" name="clickLoginButton" finished-at="2021-07-30T16:56:36 IST" duration-ms="132" status="PASS">
          <reporter-output>
          </reporter-output>
        </test-method> <!-- clickLoginButton -->
        <test-method signature="loginFunction()[pri:2, instance:BookStoreLogin@1a4013]" started-at="2021-07-30T16:56:36 IST" name="loginFunction" finished-at="2021-07-30T16:56:36 IST" duration-ms="261" status="PASS">
          <reporter-output>
          </reporter-output>
        </test-method> <!-- loginFunction -->
        <test-method is-config="true" signature="closeBrowser()[pri:0, instance:BookStoreLogin@1a4013]" started-at="2021-07-30T16:56:37 IST" name="closeBrowser" finished-at="2021-07-30T16:56:44 IST" duration-ms="7205" status="PASS">
          <reporter-output>
          </reporter-output>
        </test-method> <!-- closeBrowser -->
      </class> <!-- BookStoreLogin -->
    </test> <!-- Default test -->
  </suite> <!-- Default suite -->
</testng-results>
